--- Startup times for process: Primary/TUI ---

times in msec
 clock   self+sourced   self:  sourced script
 clock   elapsed:              other lines

000.000  000.000: --- NVIM STARTING ---
000.072  000.072: event init
000.157  000.085: early init
001.073  000.916: locale set
001.107  000.034: init first window
010.172  009.065: inits 1
010.179  000.007: window checked
010.281  000.102: parsing arguments
010.619  000.024  000.024: require('vim.shared')
010.670  000.025  000.025: require('vim.inspect')
010.699  000.022  000.022: require('vim._options')
010.700  000.078  000.031: require('vim._editor')
010.701  000.149  000.048: require('vim._init_packages')
010.703  000.273: init lua interpreter
011.146  000.444: --- NVIM STARTED ---

--- Startup times for process: Embedded ---

times in msec
 clock   self+sourced   self:  sourced script
 clock   elapsed:              other lines

000.000  000.000: --- NVIM STARTING ---
000.050  000.050: event init
000.127  000.076: early init
000.367  000.240: locale set
000.390  000.023: init first window
000.562  000.172: inits 1
000.573  000.011: window checked
000.645  000.072: parsing arguments
000.986  000.022  000.022: require('vim.shared')
001.044  000.029  000.029: require('vim.inspect')
001.072  000.021  000.021: require('vim._options')
001.073  000.085  000.035: require('vim._editor')
001.074  000.146  000.039: require('vim._init_packages')
001.075  000.283: init lua interpreter
002.481  001.406: expanding arguments
002.505  000.024: inits 2
002.680  000.175: init highlight
002.681  000.001: waiting for UI
002.772  000.092: done waiting for UI
002.778  000.006: clear screen
002.825  000.005  000.005: require('vim.keymap')
003.315  000.535  000.530: require('vim._defaults')
003.316  000.003: init default mappings & autocommands
003.444  000.127: --cmd commands
003.872  000.044  000.044: sourcing /nix/store/6b4i1b15lnby5qjrzcphw51xywfhzdyv-neovim-unwrapped-0.10.1/share/nvim/runtime/ftplugin.vim
003.993  000.022  000.022: sourcing /nix/store/6b4i1b15lnby5qjrzcphw51xywfhzdyv-neovim-unwrapped-0.10.1/share/nvim/runtime/indent.vim
004.427  000.281  000.281: require('options')
005.623  000.004  000.004: require('vim.F')
005.648  001.000  000.996: require('vim.diagnostic')
005.861  001.433  000.433: require('keymaps')
006.077  000.215  000.215: require('lazy-bootstrap')
006.663  000.205  000.205: require('lazy')
006.821  000.156  000.156: require('kickstart/plugins/gitsigns')
006.964  000.142  000.142: require('kickstart/plugins/which-key')
007.180  000.215  000.215: require('kickstart/plugins/telescope')
007.410  000.227  000.227: require('kickstart/plugins/lspconfig')
007.684  000.268  000.268: require('kickstart/plugins/cmp')
007.817  000.132  000.132: require('kickstart/plugins/tokyonight')
007.944  000.126  000.126: require('kickstart/plugins/mini')
008.077  000.132  000.132: require('kickstart/plugins/treesitter')
008.214  000.136  000.136: require('kickstart.plugins.conform')
008.378  000.164  000.164: require('kickstart/plugins/debug')
008.513  000.134  000.134: require('kickstart/plugins/indent_line')
008.644  000.129  000.129: require('kickstart/plugins/lint')
008.765  000.120  000.120: require('kickstart/plugins/autopairs')
008.885  000.120  000.120: require('kickstart/plugins/neo-tree')
008.919  000.019  000.019: require('ffi')
008.976  000.036  000.036: require('vim.fs')
009.164  000.182  000.182: require('vim.uri')
009.177  000.256  000.037: require('vim.loader')
009.521  000.329  000.329: require('lazy.stats')
009.786  000.232  000.232: require('lazy.core.util')
010.045  000.258  000.258: require('lazy.core.config')
010.350  000.136  000.136: require('lazy.core.handler')
010.730  000.115  000.115: require('lazy.pkg')
010.732  000.239  000.123: require('lazy.core.meta')
010.736  000.385  000.146: require('lazy.core.plugin')
010.739  000.693  000.173: require('lazy.core.loader')
011.263  000.185  000.185: require('lazy.core.fragments')
015.283  000.289  000.289: require('themes.material')
015.544  000.259  000.259: require('themes.onedark')
017.078  000.165  000.165: require('lazy.core.handler.keys')
017.215  000.135  000.135: require('lazy.core.handler.cmd')
017.495  000.136  000.136: require('lazy.core.handler.event')
017.497  000.280  000.144: require('lazy.core.handler.ft')
018.659  000.142  000.142: require('toggleterm.lazy')
018.783  000.122  000.122: require('toggleterm.constants')
018.970  000.186  000.186: require('toggleterm.terminal')
018.974  001.218  000.768: require('toggleterm')
019.561  000.412  000.412: require('resession')
020.248  000.157  000.157: require('dap.utils')
020.284  000.653  000.496: require('dap')
021.173  000.169  000.169: require('nio.tasks')
021.350  000.175  000.175: require('nio.control')
021.731  000.380  000.380: require('nio.uv')
021.876  000.144  000.144: require('nio.tests')
022.124  000.121  000.121: require('vim.ui')
022.133  000.256  000.135: require('nio.ui')
022.391  000.136  000.136: require('nio.streams')
022.393  000.259  000.123: require('nio.file')
022.874  000.163  000.163: require('nio.util')
023.021  000.464  000.301: require('nio.logger')
023.027  000.634  000.170: require('nio.lsp')
023.196  000.167  000.167: require('nio.process')
023.214  002.562  000.378: require('nio')
024.057  000.202  000.202: require('dapui.config.highlights')
024.200  000.617  000.416: require('dapui.config')
024.209  000.801  000.184: require('dapui.util')
024.462  000.252  000.252: require('dapui.windows.layout')
024.470  001.255  000.203: require('dapui.windows')
024.654  000.183  000.183: require('dapui.controls')
024.657  004.373  000.372: require('dapui')
025.560  000.130  000.130: sourcing /nix/store/6b4i1b15lnby5qjrzcphw51xywfhzdyv-neovim-unwrapped-0.10.1/share/nvim/runtime/filetype.lua
027.119  000.132  000.132: require('tokyonight.config')
027.120  000.436  000.304: require('tokyonight')
027.469  000.164  000.164: require('tokyonight.util')
027.470  000.329  000.165: require('tokyonight.theme')
027.758  000.197  000.197: require('tokyonight.colors')
028.061  000.116  000.116: require('tokyonight.colors.storm')
028.253  000.143  000.143: require('tokyonight.groups')
029.095  002.491  001.271: sourcing /Users/tobydavis/.local/share/nvim/lazy/tokyonight.nvim/colors/tokyonight-night.lua
029.792  000.119  000.119: require('material.util.config')
029.794  000.554  000.436: require('material')
030.578  000.487  000.487: require('mini.ai')
030.939  000.214  000.214: require('mini.surround')
031.752  000.163  000.163: require('gitsigns.async')
031.888  000.135  000.135: require('gitsigns.debug.log')
032.104  000.216  000.216: require('gitsigns.config')
032.107  000.800  000.287: require('gitsigns')
032.386  000.192  000.192: require('gitsigns.highlight')
033.072  000.128  000.128: require('gitsigns.debounce')
033.520  000.249  000.249: sourcing /Users/tobydavis/.local/share/nvim/lazy/vim-sleuth/plugin/sleuth.vim
034.074  000.016  000.016: sourcing /Users/tobydavis/.local/share/nvim/lazy/nvim-web-devicons/plugin/nvim-web-devicons.vim
034.328  000.091  000.091: sourcing /Users/tobydavis/.local/share/nvim/lazy/barbar.nvim/plugin/barbar.lua
035.120  000.181  000.181: require('barbar.animate')
035.594  000.156  000.156: require('barbar.fs')
036.213  000.238  000.238: require('barbar.utils.table')
036.404  000.190  000.190: require('barbar.utils')
036.421  000.657  000.230: require('barbar.config')
036.619  000.198  000.198: require('barbar.utils.list')
036.631  001.036  000.181: require('barbar.buffer')
037.020  000.105  000.105: require('barbar.utils.highlight')
037.478  000.323  000.323: require('nvim-web-devicons.icons-default')
037.589  000.568  000.245: require('nvim-web-devicons')
037.591  000.807  000.134: require('barbar.icons')
037.593  000.960  000.154: require('barbar.ui.layout')
037.704  000.110  000.110: require('barbar.constants')
037.712  002.437  000.174: require('barbar.state')
037.714  002.592  000.155: require('barbar.bbye')
037.823  000.108  000.108: require('barbar.jump_mode')
038.074  000.121  000.121: require('barbar.ui.nodes')
038.079  000.255  000.134: require('barbar.ui.render')
038.085  003.296  000.159: require('barbar.api')
038.520  000.305  000.305: require('barbar.highlight')
038.524  000.438  000.133: require('barbar.events')
038.526  004.180  000.446: require('barbar')
043.845  000.108  000.108: require('lualine_require')
044.091  000.768  000.660: require('lualine')
044.752  000.144  000.144: require('lualine.themes._tokyonight')
048.249  000.121  000.121: require('lualine.utils.mode')
048.785  000.137  000.137: require('lualine.extensions.nerdtree')
050.036  000.163  000.163: require('Comment.config')
050.358  000.178  000.178: require('Comment.ft')
050.362  000.325  000.147: require('Comment.utils')
050.484  000.121  000.121: require('Comment.opfunc')
050.632  000.147  000.147: require('Comment.extra')
050.636  001.261  000.504: require('Comment.api')
050.671  001.385  000.125: sourcing /Users/tobydavis/.local/share/nvim/lazy/Comment.nvim/plugin/Comment.lua
050.818  000.113  000.113: require('Comment')
051.627  000.132  000.132: require('mason-core.path')
051.925  000.173  000.173: require('mason-core.functional')
052.181  000.123  000.123: require('mason-core.functional.data')
052.185  000.249  000.126: require('mason-core.functional.function')
052.301  000.110  000.110: require('mason-core.functional.relation')
052.419  000.114  000.114: require('mason-core.functional.logic')
052.429  000.801  000.155: require('mason-core.platform')
052.587  000.158  000.158: require('mason.settings')
052.590  001.347  000.257: require('mason')
053.146  000.263  000.263: require('mason-core.functional.list')
053.329  000.178  000.178: require('mason-core.functional.string')
053.348  000.700  000.259: require('mason.api.command')
053.558  000.203  000.203: require('mason-registry.sources')
054.460  000.197  000.197: sourcing /Users/tobydavis/.local/share/nvim/lazy/nvim-dap/plugin/dap.lua
055.043  000.568  000.568: require('dap-python')
055.405  000.129  000.129: require('mason-core.log')
055.407  000.344  000.215: require('mason-nvim-dap')
055.529  000.121  000.121: require('mason-nvim-dap.settings')
055.843  000.103  000.103: require('mason-core.EventEmitter')
055.938  000.094  000.094: require('mason-core.optional')
056.155  000.115  000.115: require('mason-core.async')
056.254  000.098  000.098: require('mason-core.async.uv')
056.257  000.319  000.106: require('mason-core.fs')
056.266  000.629  000.114: require('mason-registry')
056.468  000.101  000.101: require('mason-core.functional.table')
056.471  000.204  000.103: require('mason-nvim-dap.mappings.source')
056.472  000.936  000.103: require('mason-nvim-dap.ensure_installed')
056.717  000.134  000.134: require('mason-core.result')
057.066  000.141  000.141: require('mason-core.process')
057.193  000.126  000.126: require('mason-core.spawn')
057.194  000.370  000.103: require('mason-core.managers.powershell')
057.304  000.110  000.110: require('mason.version')
057.306  000.588  000.109: require('mason-core.fetch')
057.405  000.098  000.098: require('mason-core.providers')
057.747  000.131  000.131: require('mason-core.purl')
057.752  000.247  000.115: require('mason-core.package')
058.091  000.104  000.104: require('mason-core.installer.registry.expr')
058.095  000.231  000.127: require('mason-core.installer.registry.link')
058.603  000.112  000.112: require('mason-core.receipt')
058.611  000.219  000.107: require('mason-core.installer.context')
058.704  000.091  000.091: require('mason-core.async.control')
058.796  000.092  000.092: require('mason-core.installer.linker')
058.798  000.504  000.102: require('mason-core.installer')
058.804  000.610  000.106: require('mason-core.installer.managers.std')
058.805  000.709  000.099: require('mason-core.installer.registry.schemas')
058.898  000.093  000.093: require('mason-core.installer.registry.util')
058.902  001.150  000.117: require('mason-core.installer.registry')
058.903  001.498  000.101: require('mason-registry.sources.util')
058.907  002.432  000.114: require('mason-registry.sources.github')
061.877  000.107  000.107: require('mason-nvim-dap.automatic_installation')
063.448  000.101  000.101: require('mason-core.functional.type')
067.206  000.132  000.132: require('mason-core.notify')
067.346  000.113  000.113: require('mason-nvim-dap.mappings.adapters')
067.451  000.104  000.104: require('mason-nvim-dap.mappings.filetypes')
067.897  000.445  000.445: require('mason-nvim-dap.mappings.configurations')
070.821  000.121  000.121: require('mason-nvim-dap.automatic_setup')
070.944  000.115  000.115: require('mason-nvim-dap.mappings.adapters.python')
071.208  000.122  000.122: require('mason-nvim-dap.mappings.adapters.codelldb')
071.389  000.122  000.122: require('mason-nvim-dap.mappings.adapters.delve')
071.607  000.104  000.104: require('dap.ext.vscode')
071.818  000.097  000.097: require('mason-core.functional.number')
071.827  000.202  000.105: require('mason-nvim-dap.api.command')
072.128  000.104  000.104: require('dapui.client.types')
072.129  000.215  000.111: require('dapui.client')
072.224  000.093  000.093: require('dap.breakpoints')
072.329  000.101  000.101: require('dapui.client.lib')
072.544  000.122  000.122: require('dapui.render.canvas')
072.545  000.213  000.092: require('dapui.elements.breakpoints')
072.673  000.114  000.114: require('dapui.components.breakpoints')
072.792  000.113  000.113: require('dapui.elements.repl')
072.889  000.096  000.096: require('dapui.elements.scopes')
072.997  000.103  000.103: require('dapui.components.scopes')
073.099  000.101  000.101: require('dapui.components.variables')
073.204  000.101  000.101: require('dapui.elements.stacks')
073.406  000.107  000.107: require('dapui.components.frames')
073.407  000.194  000.086: require('dapui.components.threads')
073.505  000.087  000.087: require('dapui.elements.watches')
073.606  000.097  000.097: require('dapui.components.watches')
073.696  000.086  000.086: require('dapui.elements.hover')
073.790  000.089  000.089: require('dapui.components.hover')
073.904  000.112  000.112: require('dapui.elements.console')
074.165  000.118  000.118: require('dap-go-ts')
074.169  000.230  000.112: require('dap-go')
074.642  000.095  000.095: require('toggleterm.colors')
074.743  000.100  000.100: require('toggleterm.utils')
074.746  000.469  000.273: require('toggleterm.config')
074.849  000.098  000.098: require('vim.version')
075.523  000.109  000.109: require('toggleterm.commandline')
076.260  000.099  000.099: require('nvim-treesitter.utils')
077.125  000.110  000.110: require('vim.treesitter.language')
077.222  000.096  000.096: require('vim.func')
077.320  000.096  000.096: require('vim.func._memoize')
077.327  000.603  000.300: require('vim.treesitter.query')
077.417  000.089  000.089: require('vim.treesitter._range')
077.422  000.824  000.132: require('vim.treesitter.languagetree')
077.424  000.961  000.138: require('vim.treesitter')
077.681  001.420  000.459: require('nvim-treesitter.parsers')
078.075  000.088  000.088: require('nvim-treesitter.compat')
078.262  000.097  000.097: require('nvim-treesitter.ts_utils')
078.265  000.189  000.092: require('nvim-treesitter.tsrange')
078.353  000.088  000.088: require('nvim-treesitter.caching')
078.357  000.463  000.098: require('nvim-treesitter.query')
078.362  000.577  000.114: require('nvim-treesitter.configs')
078.363  000.682  000.104: require('nvim-treesitter.info')
078.463  000.099  000.099: require('nvim-treesitter.shell_command_selectors')
078.472  002.455  000.155: require('nvim-treesitter.install')
078.561  000.088  000.088: require('nvim-treesitter.statusline')
078.666  000.105  000.105: require('nvim-treesitter.query_predicates')
078.667  002.914  000.266: require('nvim-treesitter')
078.812  003.132  000.218: sourcing /Users/tobydavis/.local/share/nvim/lazy/nvim-treesitter/plugin/nvim-treesitter.lua
079.903  000.109  000.109: require('nvim-treesitter.indent')
080.046  000.089  000.089: require('nvim-treesitter.highlight')
081.147  000.254  000.254: require('mason-tool-installer')
081.154  000.325  000.071: sourcing /Users/tobydavis/.local/share/nvim/lazy/mason-tool-installer.nvim/plugin/mason-tool-installer.lua
081.912  000.136  000.136: require('fidget.spinner.patterns')
081.913  000.234  000.098: require('fidget.spinner')
082.013  000.098  000.098: require('fidget.options')
082.029  000.454  000.122: require('fidget.progress.display')
082.255  000.122  000.122: require('fidget.logger')
082.582  000.176  000.176: require('vim.lsp.log')
082.871  000.288  000.288: require('vim.lsp.protocol')
083.340  000.288  000.288: require('vim.lsp._snippet_grammar')
083.451  000.109  000.109: require('vim.highlight')
083.463  000.590  000.193: require('vim.lsp.util')
083.679  000.108  000.108: require('vim.lsp.sync')
083.684  000.219  000.111: require('vim.lsp._changetracking')
083.870  000.186  000.186: require('vim.lsp.rpc')
083.901  001.645  000.185: require('vim.lsp')
084.060  000.158  000.158: require('vim.lsp.handlers')
084.065  002.035  000.110: require('fidget.progress.lsp')
084.585  000.145  000.145: require('fidget.poll')
084.588  000.269  000.124: require('fidget.notification.model')
084.754  000.165  000.165: require('fidget.notification.window')
084.870  000.115  000.115: require('fidget.notification.view')
084.876  000.667  000.118: require('fidget.notification')
084.878  000.783  000.116: require('fidget.progress.handle')
084.893  003.421  000.148: require('fidget.progress')
085.061  000.164  000.164: require('fidget.commands')
085.262  000.098  000.098: require('fidget.integration.nvim-tree')
085.375  000.112  000.112: require('fidget.integration.xcodebuild-nvim')
085.381  000.319  000.109: require('fidget.integration')
085.389  004.199  000.295: require('fidget')
086.029  000.116  000.116: sourcing /Users/tobydavis/.local/share/nvim/lazy/nvim-lspconfig/plugin/lspconfig.lua
086.467  000.104  000.104: require('cmp_nvim_lsp.source')
086.468  000.399  000.295: require('cmp_nvim_lsp')
086.780  000.100  000.100: require('mason-lspconfig.settings')
086.783  000.207  000.108: require('mason-lspconfig')
087.076  000.095  000.095: require('mason-lspconfig.notify')
087.078  000.189  000.094: require('mason-lspconfig.lspconfig_hook')
087.246  000.168  000.168: require('lspconfig.util')
087.392  000.145  000.145: require('mason-lspconfig.mappings.server')
087.500  000.106  000.106: require('mason-lspconfig.server_config_extensions')
087.711  000.104  000.104: require('lspconfig.async')
087.712  000.211  000.107: require('lspconfig.configs')
087.823  000.110  000.110: require('lspconfig.server_configurations.omnisharp')
088.212  000.246  000.246: require('mason-lspconfig.api.command')
088.392  000.140  000.140: require('lspconfig')
088.634  000.241  000.241: require('lspconfig.server_configurations.texlab')
089.650  000.207  000.207: require('lspconfig.manager')
089.855  000.163  000.163: require('lspconfig.server_configurations.nil_ls')
090.774  000.181  000.181: require('lspconfig.server_configurations.eslint')
091.141  000.107  000.107: require('lspconfig.server_configurations.pyright')
091.430  000.101  000.101: require('lspconfig.server_configurations.vtsls')
091.714  000.103  000.103: require('lspconfig.server_configurations.lua_ls')
091.999  000.095  000.095: require('lspconfig.server_configurations.neocmake')
092.308  000.100  000.100: require('lspconfig.server_configurations.ansiblels')
092.609  000.101  000.101: require('lspconfig.server_configurations.ruff')
092.872  000.094  000.094: require('lspconfig.server_configurations.clangd')
093.130  000.095  000.095: require('lspconfig.server_configurations.dockerls')
093.377  000.085  000.085: require('lspconfig.server_configurations.marksman')
093.621  000.095  000.095: require('lspconfig.server_configurations.jsonls')
093.910  000.139  000.139: require('lspconfig.server_configurations.jdtls')
094.198  000.100  000.100: require('lspconfig.server_configurations.tinymist')
094.430  000.089  000.089: require('lspconfig.server_configurations.docker_compose_language_service')
094.675  000.085  000.085: require('lspconfig.server_configurations.taplo')
094.896  000.085  000.085: require('lspconfig.server_configurations.ast_grep')
095.132  000.082  000.082: require('lspconfig.server_configurations.ruff_lsp')
095.542  000.067  000.067: sourcing /nix/store/6b4i1b15lnby5qjrzcphw51xywfhzdyv-neovim-unwrapped-0.10.1/share/nvim/runtime/plugin/editorconfig.lua
095.686  000.069  000.069: sourcing /nix/store/6b4i1b15lnby5qjrzcphw51xywfhzdyv-neovim-unwrapped-0.10.1/share/nvim/runtime/plugin/gzip.vim
095.840  000.083  000.083: sourcing /nix/store/6b4i1b15lnby5qjrzcphw51xywfhzdyv-neovim-unwrapped-0.10.1/share/nvim/runtime/plugin/man.lua
096.502  000.105  000.105: sourcing /nix/store/6b4i1b15lnby5qjrzcphw51xywfhzdyv-neovim-unwrapped-0.10.1/share/nvim/runtime/pack/dist/opt/matchit/plugin/matchit.vim
096.511  000.603  000.499: sourcing /nix/store/6b4i1b15lnby5qjrzcphw51xywfhzdyv-neovim-unwrapped-0.10.1/share/nvim/runtime/plugin/matchit.vim
096.655  000.070  000.070: sourcing /nix/store/6b4i1b15lnby5qjrzcphw51xywfhzdyv-neovim-unwrapped-0.10.1/share/nvim/runtime/plugin/matchparen.vim
096.736  000.008  000.008: sourcing /nix/store/6b4i1b15lnby5qjrzcphw51xywfhzdyv-neovim-unwrapped-0.10.1/share/nvim/runtime/plugin/netrwPlugin.vim
096.884  000.075  000.075: sourcing /nix/store/6b4i1b15lnby5qjrzcphw51xywfhzdyv-neovim-unwrapped-0.10.1/share/nvim/runtime/plugin/osc52.lua
097.058  000.004  000.004: sourcing /nix/store/bns0ijcm1cj6zw0bk44laxynk76hcbyl-neovim-0.10.1/rplugin.vim
097.112  000.153  000.149: sourcing /nix/store/6b4i1b15lnby5qjrzcphw51xywfhzdyv-neovim-unwrapped-0.10.1/share/nvim/runtime/plugin/rplugin.vim
097.225  000.032  000.032: sourcing /nix/store/6b4i1b15lnby5qjrzcphw51xywfhzdyv-neovim-unwrapped-0.10.1/share/nvim/runtime/plugin/shada.vim
097.302  000.008  000.008: sourcing /nix/store/6b4i1b15lnby5qjrzcphw51xywfhzdyv-neovim-unwrapped-0.10.1/share/nvim/runtime/plugin/spellfile.vim
097.421  000.041  000.041: sourcing /nix/store/6b4i1b15lnby5qjrzcphw51xywfhzdyv-neovim-unwrapped-0.10.1/share/nvim/runtime/plugin/tarPlugin.vim
097.573  000.079  000.079: sourcing /nix/store/6b4i1b15lnby5qjrzcphw51xywfhzdyv-neovim-unwrapped-0.10.1/share/nvim/runtime/plugin/tohtml.lua
097.672  000.018  000.018: sourcing /nix/store/6b4i1b15lnby5qjrzcphw51xywfhzdyv-neovim-unwrapped-0.10.1/share/nvim/runtime/plugin/tutor.vim
097.796  000.056  000.056: sourcing /nix/store/6b4i1b15lnby5qjrzcphw51xywfhzdyv-neovim-unwrapped-0.10.1/share/nvim/runtime/plugin/zipPlugin.vim
098.079  000.074  000.074: sourcing /Users/tobydavis/.local/share/nvim/lazy/cmp-nvim-lsp/after/plugin/cmp_nvim_lsp.lua
098.102  092.023  042.530: require('lazy-plugins')
098.765  000.013  000.013: sourcing /Users/tobydavis/.local/share/nvim/lazy/plenary.nvim/plugin/plenary.vim
099.123  000.261  000.261: require('plenary.compat')
099.220  000.092  000.092: require('plenary.functional')
099.224  000.878  000.512: require('plenary.job')
099.226  001.005  000.127: require('commands.cmake')
099.322  000.095  000.095: require('commands.neovide')
099.323  001.220  000.120: require('custom-commands')
099.324  095.206  000.034: sourcing /Users/tobydavis/.config/nvim/init.lua
099.328  000.613: sourcing vimrc file(s)
099.481  000.021  000.021: sourcing /nix/store/6b4i1b15lnby5qjrzcphw51xywfhzdyv-neovim-unwrapped-0.10.1/share/nvim/runtime/filetype.lua
099.780  000.034  000.034: sourcing /nix/store/6b4i1b15lnby5qjrzcphw51xywfhzdyv-neovim-unwrapped-0.10.1/share/nvim/runtime/syntax/synload.vim
099.814  000.223  000.188: sourcing /nix/store/6b4i1b15lnby5qjrzcphw51xywfhzdyv-neovim-unwrapped-0.10.1/share/nvim/runtime/syntax/syntax.vim
099.818  000.247: inits 3
101.536  001.718: reading ShaDa
101.609  000.074: opening buffers
102.144  000.534: BufEnter autocommands
102.145  000.001: editing files in windows
102.860  000.148  000.148: sourcing /Users/tobydavis/.local/share/nvim/lazy/telescope.nvim/plugin/telescope.lua
103.298  000.129  000.129: require('telescope._extensions')
103.299  000.429  000.300: require('telescope')
103.456  000.156  000.156: require('telescope.themes')
103.910  000.097  000.097: require('plenary.bit')
103.931  000.235  000.138: require('plenary.path')
103.940  000.344  000.109: require('plenary.strings')
104.055  000.115  000.115: require('telescope.deprecated')
104.396  000.117  000.117: require('plenary.log')
104.403  000.229  000.112: require('telescope.log')
104.637  000.105  000.105: require('telescope.state')
104.648  000.244  000.139: require('telescope.utils')
104.651  000.595  000.122: require('telescope.sorters')
105.597  002.136  001.082: require('telescope.config')
106.571  000.378  000.378: require('fzf_lib')
106.573  000.518  000.140: require('telescope._extensions.fzf')
106.698  000.121  000.121: require('telescope._extensions.ui-select')
107.387  000.101  000.101: require('plenary.tbl')
107.389  000.199  000.099: require('plenary.vararg.rotate')
107.390  000.302  000.103: require('plenary.vararg')
107.497  000.106  000.106: require('plenary.errors')
107.499  000.522  000.114: require('plenary.async.async')
107.914  000.100  000.100: require('plenary.async.structs')
107.918  000.209  000.110: require('plenary.async.control')
107.952  000.348  000.138: require('plenary.async.util')
107.953  000.453  000.105: require('plenary.async.tests')
107.954  001.081  000.106: require('plenary.async')
108.197  000.127  000.127: require('plenary.window.border')
108.291  000.093  000.093: require('plenary.window')
108.386  000.094  000.094: require('plenary.popup.utils')
108.388  000.434  000.119: require('plenary.popup')
108.680  000.112  000.112: require('telescope.pickers.scroller')
108.773  000.092  000.092: require('telescope.actions.state')
108.873  000.100  000.100: require('telescope.actions.utils')
109.082  000.098  000.098: require('telescope.actions.mt')
109.092  000.218  000.121: require('telescope.actions.set')
109.292  000.102  000.102: require('telescope.config.resolve')
109.293  000.200  000.098: require('telescope.pickers.entry_display')
109.390  000.097  000.097: require('telescope.from_entry')
109.444  001.055  000.237: require('telescope.actions')
109.547  000.102  000.102: require('telescope.debounce')
109.685  000.137  000.137: require('telescope.mappings')
109.789  000.102  000.102: require('telescope.pickers.highlights')
109.893  000.104  000.104: require('telescope.pickers.window')
110.097  000.101  000.101: require('telescope.algos.linked_list')
110.098  000.205  000.104: require('telescope.entry_manager')
110.197  000.098  000.098: require('telescope.pickers.multi')
110.205  003.505  000.188: require('telescope.pickers')
110.470  000.152  000.152: require('telescope.make_entry')
110.585  000.114  000.114: require('telescope.finders.async_static_finder')
110.890  000.095  000.095: require('plenary.class')
110.895  000.209  000.114: require('telescope._')
110.896  000.311  000.102: require('telescope.finders.async_oneshot_finder')
110.999  000.102  000.102: require('telescope.finders.async_job_finder')
111.001  000.795  000.116: require('telescope.finders')
111.181  000.175  000.175: require('telescope.builtin')
111.473  000.069  000.069: sourcing /Users/tobydavis/.local/share/nvim/lazy/which-key.nvim/plugin/which-key.lua
111.783  000.289  000.289: require('which-key')
111.934  000.150  000.150: require('which-key.config')
112.228  000.074  000.074: sourcing /Users/tobydavis/.local/share/nvim/lazy/dashboard-nvim/plugin/dashboard.lua
112.721  000.128  000.128: require('dashboard.utils')
112.724  000.482  000.354: require('dashboard')
113.103  000.312  000.312: require('onedark')
114.387  000.092  000.092: require('onedark')
115.129  000.163  000.163: require('onedark.palette')
115.190  000.362  000.198: require('onedark.colors')
115.318  000.125  000.125: require('onedark.util')
115.389  000.781  000.295: require('onedark.highlights')
116.415  000.122  000.122: require('onedark.terminal')
116.425  003.106  002.111: sourcing /Users/tobydavis/.local/share/nvim/lazy/onedark.nvim/colors/onedark.lua
117.412  000.067  000.067: require('onedark')
117.914  000.072  000.072: require('onedark.palette')
117.927  000.180  000.108: require('onedark.colors')
117.985  000.057  000.057: require('onedark.util')
118.057  000.440  000.203: require('onedark.highlights')
118.853  000.061  000.061: require('onedark.terminal')
118.857  002.353  001.786: sourcing /Users/tobydavis/.local/share/nvim/lazy/onedark.nvim/colors/onedark.lua
119.059  002.096: VimEnter autocommands
119.076  000.017: UIEnter autocommands
119.076  000.001: before starting main loop
119.243  000.167: first screen update
119.244  000.001: --- NVIM STARTED ---

